[2025/08/11 11:28:40] SetCurrentDirectoryA 1 <D:\>
[2025/08/11 11:28:40] CurDir=<D:\>
[2025/08/11 11:28:40] ventoy directory already exist, check case sensitive.
[2025/08/11 11:28:40] ventoy_path_case actual path is <ventoy> <count:0>
[2025/08/11 12:19:10] SetCurrentDirectoryA 1 <D:\>
[2025/08/11 12:19:10] CurDir=<D:\>
[2025/08/11 12:19:10] ventoy directory already exist, check case sensitive.
[2025/08/11 12:19:10] ventoy_path_case actual path is <ventoy> <count:0>
[2025/08/11 12:19:10] parse ventoy.json success
[2025/08/11 12:19:10] json parse <control>
[2025/08/11 12:19:10] json parse <menu_alias>
[2025/08/11 12:19:10] json parse <image_list>
[2025/08/11 12:27:58] ventoy disk exit ...
[2025/08/11 13:41:28] SetCurrentDirectoryA 1 <D:\>
[2025/08/11 13:41:28] CurDir=<D:\>
[2025/08/11 13:41:28] ventoy directory already exist, check case sensitive.
[2025/08/11 13:41:28] ventoy_path_case actual path is <ventoy> <count:0>
[2025/08/11 13:41:28] parse ventoy.json success
[2025/08/11 13:41:28] json parse <control>
[2025/08/11 13:41:28] json parse <menu_alias>
[2025/08/11 13:41:28] json parse <image_list>
[2025/08/11 13:42:57] ventoy disk exit ...
